<?xml version="1.0" encoding="UTF-8"?>
<!-- Generated by org.testng.reporters.JUnitReportReporter -->
<testsuite hostname="QT-INNO-LT0619" failures="0" tests="2" name="practice.P1" time="0.022" errors="0" timestamp="2022-09-08T22:14:56 IST" skipped="0">
  <testcase classname="practice.P1" name="Sum" time="0.004"/>
  <system-out/>
  <testcase classname="practice.P1" name="Sum" time="0.018"/>
  <system-out/>
</testsuite> <!-- practice.P1 -->
