<?xml version="1.0" encoding="UTF-8"?>
<!-- Generated by org.testng.reporters.JUnitReportReporter -->
<testsuite hostname="QT-INNO-LT0619" failures="0" tests="2" name="practice.P6" time="0.020" errors="0" timestamp="2022-09-08T18:03:32 IST" skipped="0">
  <testcase classname="practice.P6" name="newMethod" time="0.006"/>
  <system-out/>
  <testcase classname="practice.P6" name="newMethod" time="0.014"/>
  <system-out/>
</testsuite> <!-- practice.P6 -->
