<?xml version="1.0" encoding="UTF-8"?>
<!-- Generated by org.testng.reporters.JUnitReportReporter -->
<testsuite hostname="QT-INNO-LT0619" failures="0" tests="1" name="com.makemytrip.Web.TestLogin" time="23.647" errors="0" timestamp="2022-07-05T08:47:52 IST" skipped="0">
  <testcase classname="com.makemytrip.Web.TestLogin" name="verify_login" time="23.647"/>
  <system-out/>
</testsuite> <!-- com.makemytrip.Web.TestLogin -->
