<?xml version="1.0" encoding="UTF-8"?>
<!-- Generated by org.testng.reporters.JUnitReportReporter -->
<testsuite hostname="QT-INNO-LT0619" failures="0" tests="1" name="com.makemytrip.Web.LoginTest" time="23.909" errors="0" timestamp="2022-07-01T14:38:31 IST" skipped="0">
  <testcase classname="com.makemytrip.Web.LoginTest" name="test_Home_Page_Appear_Correct" time="23.909"/>
  <system-out/>
</testsuite> <!-- com.makemytrip.Web.LoginTest -->
