<?xml version="1.0" encoding="UTF-8"?>
<!-- Generated by org.testng.reporters.JUnitReportReporter -->
<testsuite hostname="QT-INNO-LT0619" failures="0" tests="2" name="practice.P4" time="0.019" errors="0" timestamp="2022-09-08T17:54:14 IST" skipped="0">
  <testcase classname="practice.P4" name="myTest" time="0.016"/>
  <system-out/>
  <testcase classname="practice.P4" name="myTest" time="0.003"/>
  <system-out/>
</testsuite> <!-- practice.P4 -->
