<?xml version="1.0" encoding="UTF-8"?>
<!-- Generated by org.testng.reporters.JUnitReportReporter -->
<testsuite skipped="0" hostname="QT-INNO-LT0619" name="com.makemytrip.Web.SeleniumTest" tests="1" failures="0" timestamp="2022-06-12T19:23:03 IST" time="0.003" errors="0">
  <testcase name="startSelenium" time="0.003" classname="com.makemytrip.Web.SeleniumTest"/>
  <system-out/>
</testsuite> <!-- com.makemytrip.Web.SeleniumTest -->
