<?xml version="1.0" encoding="UTF-8"?>
<!-- Generated by org.testng.reporters.JUnitReportReporter -->
<testsuite skipped="0" hostname="QT-INNO-LT0619" name="com.makemytrip.Web.APITest" tests="2" failures="0" timestamp="2022-06-12T19:23:03 IST" time="0.002" errors="0">
  <testcase name="ProcessAPI" time="0.001" classname="com.makemytrip.Web.APITest"/>
  <system-out/>
  <testcase name="EndAPI" time="0.001" classname="com.makemytrip.Web.APITest"/>
  <system-out/>
</testsuite> <!-- com.makemytrip.Web.APITest -->
