<?xml version="1.0" encoding="UTF-8"?>
<!-- Generated by org.testng.reporters.JUnitReportReporter -->
<testsuite skipped="0" hostname="QT-INNO-LT0619" name="com.makemytrip.Web.VDITest" tests="1" failures="0" timestamp="2022-06-12T19:23:03 IST" time="0.008" errors="0">
  <testcase name="startVDI" time="0.008" classname="com.makemytrip.Web.VDITest"/>
  <system-out/>
</testsuite> <!-- com.makemytrip.Web.VDITest -->
